<?xml version="1.0" encoding="UTF-8"?>
<!-- Generated by org.testng.reporters.JUnitReportReporter -->
<testsuite skipped="0" hostname="DESKTOP-3PIU74U" name="com.training.restapi.ApiAutomation" tests="1" failures="0" timestamp="2022-12-04T21:17:13 EST" time="8.853" errors="0">
  <testcase name="login" time="8.853" classname="com.training.restapi.ApiAutomation"/>
  <system-out/>
</testsuite> <!-- com.training.restapi.ApiAutomation -->
